0 silly argv {
0 silly argv   _: [ 'publish' ],
0 silly argv   push: false,
0 silly argv   composed: 'publish',
0 silly argv   lernaVersion: '3.22.1',
0 silly argv   '$0': '/opt/homebrew/bin/lerna'
0 silly argv }
1 notice cli v3.22.1
2 verbose rootPath /Users/antonis/Desktop/udemy-course/jBook-React-TS/jbook
3 verbose session 185c586e6fd549fc
4 verbose user-agent lerna/3.22.1/node@v19.4.0+arm64 (darwin)
5 silly argv {
5 silly argv   _: [ 'publish' ],
5 silly argv   push: false,
5 silly argv   composed: 'publish',
5 silly argv   lernaVersion: '3.22.1'
5 silly argv }
6 verbose rootPath /Users/antonis/Desktop/udemy-course/jBook-React-TS/jbook
7 info current version 0.0.0
8 silly isAnythingCommitted
9 verbose isAnythingCommitted 1
10 silly currentBranch
11 verbose currentBranch main
12 silly hasTags
13 verbose hasTags false
14 info Assuming all packages changed
15 verbose updated clizaravelas
16 verbose updated @clizaravelas/local-api
17 verbose updated @clizaravelas/local-client
18 verbose git-describe undefined => "557d0d6"
19 silly git-describe parsed => {"refCount":"46","sha":"557d0d6","isDirty":false}
20 info execute Skipping git push
21 info execute Skipping releases
22 silly lifecycle No script for "preversion" in "root", continuing
23 silly lifecycle No script for "preversion" in "@clizaravelas/local-client", continuing
24 silly lifecycle No script for "version" in "@clizaravelas/local-client", continuing
25 silly lifecycle No script for "preversion" in "@clizaravelas/local-api", continuing
26 silly lifecycle No script for "version" in "@clizaravelas/local-api", continuing
27 silly lifecycle No script for "preversion" in "clizaravelas", continuing
28 silly lifecycle No script for "version" in "clizaravelas", continuing
29 silly lifecycle No script for "version" in "root", continuing
30 silly gitAdd [
30 silly gitAdd   'packages/local-client/package.json',
30 silly gitAdd   'packages/local-client/package-lock.json',
30 silly gitAdd   'packages/local-api/package.json',
30 silly gitAdd   'packages/local-api/package-lock.json',
30 silly gitAdd   'packages/cli/package.json',
30 silly gitAdd   'packages/cli/package-lock.json',
30 silly gitAdd   'lerna.json'
30 silly gitAdd ]
31 silly gitCommit v1.0.0
32 verbose git [ 'commit', '-m', 'v1.0.0' ]
33 silly gitTag v1.0.0
34 verbose git [ 'tag', 'v1.0.0', '-m', 'v1.0.0' ]
35 silly lifecycle No script for "postversion" in "clizaravelas", continuing
36 silly lifecycle No script for "postversion" in "@clizaravelas/local-api", continuing
37 silly lifecycle No script for "postversion" in "@clizaravelas/local-client", continuing
38 silly lifecycle No script for "postversion" in "root", continuing
39 info publish Publishing packages to npm...
40 info Verifying npm credentials
41 verbose Retrieving npm user profile
42 http fetch GET 200 https://registry.npmjs.org/-/npm/v1/user 511ms
43 silly npm profile get received {"tfa":false,"name":"antoniszaravelas","email":"zaravelasant@icloud.com","email_verified":true,"created":"2023-02-18T18:13:45.849Z","updated":"2023-02-18T18:13:45.846Z","cidr_whitelist":null}
44 silly get npm username received {"username":"antoniszaravelas","tfa":false,"name":"antoniszaravelas","email":"zaravelasant@icloud.com","email_verified":true,"created":"2023-02-18T18:13:45.849Z","updated":"2023-02-18T18:13:45.846Z","cidr_whitelist":null}
45 silly verifyNpmPackageAccess
46 http fetch GET 200 https://registry.npmjs.org/-/org/antoniszaravelas/package?format=cli 286ms
47 info Checking two-factor auth mode
48 verbose Retrieving npm user profile
49 http fetch GET 200 https://registry.npmjs.org/-/npm/v1/user 347ms
50 silly npm profile get received {"tfa":false,"name":"antoniszaravelas","email":"zaravelasant@icloud.com","email_verified":true,"created":"2023-02-18T18:13:45.849Z","updated":"2023-02-18T18:13:45.846Z","cidr_whitelist":null}
51 silly 2FA false
52 warn ENOLICENSE Packages clizaravelas, @clizaravelas/local-api, and @clizaravelas/local-client are missing a license.
52 warn ENOLICENSE One way to fix this is to add a LICENSE.md file to the root of this repository.
52 warn ENOLICENSE See https://choosealicense.com for additional guidance.
53 silly getCurrentSHA
54 verbose getCurrentSHA eecb8e3fbbd462d6a027b7dbd2c72420154e2cb2
55 silly lifecycle No script for "prepublish" in "root", continuing
56 silly lifecycle No script for "prepare" in "root", continuing
57 silly lifecycle No script for "prepublishOnly" in "root", continuing
58 silly lifecycle No script for "prepack" in "root", continuing
59 verbose pack-directory packages/local-client
60 silly lifecycle No script for "prepublish" in "@clizaravelas/local-client", continuing
61 silly lifecycle No script for "prepare" in "@clizaravelas/local-client", continuing
62 silly lifecycle "prepublishOnly" starting in "@clizaravelas/local-client"
63 info lifecycle @clizaravelas/local-client@1.0.0~prepublishOnly: @clizaravelas/local-client@1.0.0
64 verbose lifecycle @clizaravelas/local-client@1.0.0~prepublishOnly: unsafe-perm in lifecycle true
65 verbose lifecycle @clizaravelas/local-client@1.0.0~prepublishOnly: PATH: /opt/homebrew/lib/node_modules/lerna/node_modules/npm-lifecycle/node-gyp-bin:/Users/antonis/Desktop/udemy-course/jBook-React-TS/jbook/packages/local-client/node_modules/.bin:/opt/homebrew/bin:/opt/homebrew/sbin:/usr/local/bin:/System/Cryptexes/App/usr/bin:/usr/bin:/bin:/usr/sbin:/sbin:/opt/homebrew/bin:/opt/homebrew/sbin
66 verbose lifecycle @clizaravelas/local-client@1.0.0~prepublishOnly: CWD: /Users/antonis/Desktop/udemy-course/jBook-React-TS/jbook/packages/local-client
67 silly lifecycle @clizaravelas/local-client@1.0.0~prepublishOnly: Args: [ '-c', 'npm run build' ]
68 silly lifecycle @clizaravelas/local-client@1.0.0~prepublishOnly: Returned: code: 0  signal: null
69 silly lifecycle "prepublishOnly" finished in "@clizaravelas/local-client"
70 silly lifecycle No script for "prepack" in "@clizaravelas/local-client", continuing
71 silly lifecycle No script for "postpack" in "@clizaravelas/local-client", continuing
72 verbose packed packages/local-client
73 verbose pack-directory packages/cli
74 verbose pack-directory packages/local-api
75 silly lifecycle No script for "prepublish" in "clizaravelas", continuing
76 silly lifecycle No script for "prepublish" in "@clizaravelas/local-api", continuing
77 silly lifecycle No script for "prepare" in "clizaravelas", continuing
78 silly lifecycle No script for "prepare" in "@clizaravelas/local-api", continuing
79 silly lifecycle "prepublishOnly" starting in "clizaravelas"
80 info lifecycle clizaravelas@1.0.0~prepublishOnly: clizaravelas@1.0.0
81 silly lifecycle "prepublishOnly" starting in "@clizaravelas/local-api"
82 info lifecycle @clizaravelas/local-api@1.0.0~prepublishOnly: @clizaravelas/local-api@1.0.0
83 verbose lifecycle clizaravelas@1.0.0~prepublishOnly: unsafe-perm in lifecycle true
84 verbose lifecycle clizaravelas@1.0.0~prepublishOnly: PATH: /opt/homebrew/lib/node_modules/lerna/node_modules/npm-lifecycle/node-gyp-bin:/Users/antonis/Desktop/udemy-course/jBook-React-TS/jbook/packages/cli/node_modules/.bin:/opt/homebrew/bin:/opt/homebrew/sbin:/usr/local/bin:/System/Cryptexes/App/usr/bin:/usr/bin:/bin:/usr/sbin:/sbin:/opt/homebrew/bin:/opt/homebrew/sbin
85 verbose lifecycle clizaravelas@1.0.0~prepublishOnly: CWD: /Users/antonis/Desktop/udemy-course/jBook-React-TS/jbook/packages/cli
86 silly lifecycle clizaravelas@1.0.0~prepublishOnly: Args: [
86 silly lifecycle   '-c',
86 silly lifecycle   'esbuild src/index.ts --platform=node --outfile=dist/index.js --bundle --minify --define:process.env.NODE_ENV=\\"production\\"'
86 silly lifecycle ]
87 silly lifecycle clizaravelas@1.0.0~prepublishOnly: Returned: code: 0  signal: null
88 verbose lifecycle @clizaravelas/local-api@1.0.0~prepublishOnly: unsafe-perm in lifecycle true
89 verbose lifecycle @clizaravelas/local-api@1.0.0~prepublishOnly: PATH: /opt/homebrew/lib/node_modules/lerna/node_modules/npm-lifecycle/node-gyp-bin:/Users/antonis/Desktop/udemy-course/jBook-React-TS/jbook/packages/local-api/node_modules/.bin:/opt/homebrew/bin:/opt/homebrew/sbin:/usr/local/bin:/System/Cryptexes/App/usr/bin:/usr/bin:/bin:/usr/sbin:/sbin:/opt/homebrew/bin:/opt/homebrew/sbin
90 verbose lifecycle @clizaravelas/local-api@1.0.0~prepublishOnly: CWD: /Users/antonis/Desktop/udemy-course/jBook-React-TS/jbook/packages/local-api
91 silly lifecycle @clizaravelas/local-api@1.0.0~prepublishOnly: Args: [ '-c', 'tsc' ]
92 silly lifecycle "prepublishOnly" finished in "clizaravelas"
93 silly lifecycle No script for "prepack" in "clizaravelas", continuing
94 error ZlibError: zlib: unexpected end of file
94 error     at Unzip.write (/opt/homebrew/lib/node_modules/lerna/node_modules/minizlib/index.js:147:22)
94 error     at Unzip.flush (/opt/homebrew/lib/node_modules/lerna/node_modules/minizlib/index.js:98:10)
94 error     at Unzip.end (/opt/homebrew/lib/node_modules/lerna/node_modules/minizlib/index.js:104:10)
94 error     at Parser.end (/opt/homebrew/lib/node_modules/lerna/node_modules/tar/lib/parse.js:421:21)
94 error     at Yallist.<anonymous> (/opt/homebrew/lib/node_modules/lerna/node_modules/minipass/index.js:394:18)
94 error     at Yallist.forEach (/opt/homebrew/lib/node_modules/lerna/node_modules/yallist/yallist.js:156:8)
94 error     at ReadStream.emit (/opt/homebrew/lib/node_modules/lerna/node_modules/minipass/index.js:391:18)
94 error     at ReadStream.emit (/opt/homebrew/lib/node_modules/lerna/node_modules/fs-minipass/index.js:154:22)
94 error     at [maybeEmitEnd] (/opt/homebrew/lib/node_modules/lerna/node_modules/minipass/index.js:355:12)
94 error     at ReadStream.end (/opt/homebrew/lib/node_modules/lerna/node_modules/minipass/index.js:235:27)
94 error     at [_handleChunk] (/opt/homebrew/lib/node_modules/lerna/node_modules/fs-minipass/index.js:136:13)
94 error     at [_onread] (/opt/homebrew/lib/node_modules/lerna/node_modules/fs-minipass/index.js:109:32)
94 error     at /opt/homebrew/lib/node_modules/lerna/node_modules/fs-minipass/index.js:101:22
